[debug] [2026-06-25T14:10:37.879Z] ----------------------------------------------------------------------
[debug] [2026-06-25T14:10:37.882Z] Command:       C:\Program Files\nodejs\node.exe C:\Users\ELCOT\AppData\Roaming\npm\node_modules\firebase-tools\lib\bin\firebase.js deploy --only hosting
[debug] [2026-06-25T14:10:37.882Z] CLI Version:   15.6.0
[debug] [2026-06-25T14:10:37.883Z] Platform:      win32
[debug] [2026-06-25T14:10:37.883Z] Node Version:  v24.13.1
[debug] [2026-06-25T14:10:37.883Z] Time:          Thu Jun 25 2026 19:40:37 GMT+0530 (India Standard Time)
[debug] [2026-06-25T14:10:37.883Z] ----------------------------------------------------------------------
[debug] 
[debug] [2026-06-25T14:10:40.951Z] > command requires scopes: ["email","openid","https://www.googleapis.com/auth/cloudplatformprojects.readonly","https://www.googleapis.com/auth/firebase","https://www.googleapis.com/auth/cloud-platform"]
[debug] [2026-06-25T14:10:40.951Z] > authorizing via signed-in user (nihalproject70@gmail.com)
[debug] [2026-06-25T14:10:40.952Z] [iam] checking project weaverleaders for permissions ["firebase.projects.get","firebasehosting.sites.update"]
[debug] [2026-06-25T14:10:40.953Z] Checked if tokens are valid: true, expires at: 1782399702059
[debug] [2026-06-25T14:10:40.954Z] Checked if tokens are valid: true, expires at: 1782399702059
[debug] [2026-06-25T14:10:40.955Z] >>> [apiv2][query] POST https://cloudresourcemanager.googleapis.com/v1/projects/weaverleaders:testIamPermissions [none]
[debug] [2026-06-25T14:10:40.955Z] >>> [apiv2][(partial)header] POST https://cloudresourcemanager.googleapis.com/v1/projects/weaverleaders:testIamPermissions  x-goog-user-project=weaverleaders
[debug] [2026-06-25T14:10:40.955Z] >>> [apiv2][body] POST https://cloudresourcemanager.googleapis.com/v1/projects/weaverleaders:testIamPermissions {"permissions":["firebase.projects.get","firebasehosting.sites.update"]}
[debug] [2026-06-25T14:10:42.807Z] <<< [apiv2][status] POST https://cloudresourcemanager.googleapis.com/v1/projects/weaverleaders:testIamPermissions 403
[debug] [2026-06-25T14:10:42.807Z] <<< [apiv2][body] POST https://cloudresourcemanager.googleapis.com/v1/projects/weaverleaders:testIamPermissions {"error":{"code":403,"message":"Caller does not have required permission to use project weaverleaders. Grant the caller the roles/serviceusage.serviceUsageConsumer role, or a custom role with the serviceusage.services.use permission, by visiting https://console.developers.google.com/iam-admin/iam?project=weaverleaders and then retry. Propagation of the new permission may take a few minutes.","status":"PERMISSION_DENIED","details":[{"@type":"type.googleapis.com/google.rpc.ErrorInfo","reason":"USER_PROJECT_DENIED","domain":"googleapis.com","metadata":{"containerInfo":"weaverleaders","service":"cloudresourcemanager.googleapis.com","consumer":"projects/weaverleaders","consoleUrl":"https://console.developers.google.com/iam-admin/iam?project=weaverleaders"}},{"@type":"type.googleapis.com/google.rpc.LocalizedMessage","locale":"en-US","message":"Caller does not have required permission to use project weaverleaders. Grant the caller the roles/serviceusage.serviceUsageConsumer role, or a custom role with the serviceusage.services.use permission, by visiting https://console.developers.google.com/iam-admin/iam?project=weaverleaders and then retry. Propagation of the new permission may take a few minutes."},{"@type":"type.googleapis.com/google.rpc.Help","links":[{"description":"Google developer console IAM admin","url":"https://console.developers.google.com/iam-admin/iam?project=weaverleaders"}]}]}}
[debug] [2026-06-25T14:10:42.808Z] [iam] error while checking permissions, command may fail: Request to https://cloudresourcemanager.googleapis.com/v1/projects/weaverleaders:testIamPermissions had HTTP Error: 403, Caller does not have required permission to use project weaverleaders. Grant the caller the roles/serviceusage.serviceUsageConsumer role, or a custom role with the serviceusage.services.use permission, by visiting https://console.developers.google.com/iam-admin/iam?project=weaverleaders and then retry. Propagation of the new permission may take a few minutes.
[debug] [2026-06-25T14:10:42.809Z] Checked if tokens are valid: true, expires at: 1782399702059
[debug] [2026-06-25T14:10:42.809Z] Checked if tokens are valid: true, expires at: 1782399702059
[debug] [2026-06-25T14:10:42.809Z] >>> [apiv2][query] GET https://firebase.googleapis.com/v1beta1/projects/weaverleaders [none]
[debug] [2026-06-25T14:10:43.834Z] <<< [apiv2][status] GET https://firebase.googleapis.com/v1beta1/projects/weaverleaders 403
[debug] [2026-06-25T14:10:43.835Z] <<< [apiv2][body] GET https://firebase.googleapis.com/v1beta1/projects/weaverleaders {"error":{"code":403,"message":"The caller does not have permission","status":"PERMISSION_DENIED"}}
[debug] [2026-06-25T14:10:43.835Z] Request to https://firebase.googleapis.com/v1beta1/projects/weaverleaders had HTTP Error: 403, The caller does not have permission
[debug] [2026-06-25T14:10:44.235Z] FirebaseError: Request to https://firebase.googleapis.com/v1beta1/projects/weaverleaders had HTTP Error: 403, The caller does not have permission
    at responseToError (C:\Users\ELCOT\AppData\Roaming\npm\node_modules\firebase-tools\lib\responseToError.js:53:12)
    at RetryOperation._fn (C:\Users\ELCOT\AppData\Roaming\npm\node_modules\firebase-tools\lib\apiv2.js:330:77)
    at process.processTicksAndRejections (node:internal/process/task_queues:103:5)
[error] 
[error] Error: Failed to get Firebase project weaverleaders. Please make sure the project exists and your account has permission to access it.
